TN:
SF:src/app.ts
FN:10,createApp
FN:26,(anonymous_2)
FN:37,(anonymous_3)
FN:76,(anonymous_4)
FN:113,(anonymous_5)
FN:125,(anonymous_6)
FN:137,(anonymous_7)
FN:149,(anonymous_8)
FN:154,(anonymous_9)
FN:182,(anonymous_10)
FN:189,(anonymous_11)
FN:196,(anonymous_12)
FNF:12
FNH:12
FNDA:1,createApp
FNDA:15,(anonymous_2)
FNDA:2,(anonymous_3)
FNDA:3,(anonymous_4)
FNDA:4,(anonymous_5)
FNDA:3,(anonymous_6)
FNDA:3,(anonymous_7)
FNDA:2,(anonymous_8)
FNDA:1,(anonymous_9)
FNDA:5,(anonymous_10)
FNDA:4,(anonymous_11)
FNDA:3,(anonymous_12)
DA:1,2
DA:2,2
DA:3,2
DA:5,2
DA:6,2
DA:7,2
DA:8,2
DA:10,2
DA:11,1
DA:14,1
DA:16,1
DA:19,0
DA:22,2
DA:27,15
DA:28,15
DA:30,15
DA:31,15
DA:38,2
DA:39,2
DA:40,2
DA:43,2
DA:44,1
DA:47,1
DA:48,1
DA:51,1
DA:52,1
DA:55,1
DA:56,1
DA:58,1
DA:59,1
DA:61,1
DA:63,1
DA:64,1
DA:65,1
DA:69,1
DA:77,3
DA:78,3
DA:79,3
DA:84,3
DA:85,3
DA:88,3
DA:89,2
DA:92,2
DA:93,2
DA:95,2
DA:96,2
DA:98,2
DA:100,1
DA:101,1
DA:102,1
DA:106,1
DA:115,4
DA:116,4
DA:118,4
DA:119,4
DA:127,3
DA:128,3
DA:130,3
DA:131,3
DA:139,3
DA:140,3
DA:142,3
DA:143,3
DA:150,2
DA:151,2
DA:152,2
DA:154,2
DA:155,1
DA:156,1
DA:163,1
DA:164,1
DA:165,1
DA:168,1
DA:169,1
DA:170,1
DA:175,1
DA:183,5
DA:190,4
DA:197,3
DA:198,3
DA:199,3
DA:202,3
DA:203,2
DA:206,2
DA:207,2
DA:209,1
DA:210,1
DA:211,1
DA:215,1
LF:89
LH:88
BRDA:14,0,0,1
BRDA:14,0,1,0
BRDA:14,1,0,1
BRDA:14,1,1,1
BRDA:26,2,0,3
BRDA:26,3,0,3
BRDA:26,3,1,0
BRDA:158,4,0,1
BRDA:158,4,1,0
BRDA:202,5,0,2
BRDA:202,5,1,1
BRF:11
BRH:8
end_of_record
TN:
SF:src/config/logger.ts
FNF:0
FNH:0
DA:1,13
DA:2,13
DA:5,13
DA:6,13
DA:7,13
DA:8,13
DA:11,13
DA:24,13
DA:26,13
DA:41,13
DA:42,0
LF:11
LH:10
BRDA:12,0,0,13
BRDA:12,0,1,0
BRDA:13,1,0,0
BRDA:13,1,1,13
BRDA:27,2,0,13
BRDA:27,2,1,0
BRDA:41,3,0,0
BRDA:41,3,1,13
BRF:8
BRH:4
end_of_record
TN:
SF:src/config/swagger.ts
FN:202,(anonymous_1)
FN:215,(anonymous_2)
FN:245,(anonymous_3)
FN:263,(anonymous_4)
FNF:4
FNH:4
FNDA:8,(anonymous_1)
FNDA:4,(anonymous_2)
FNDA:1,(anonymous_3)
FNDA:7,(anonymous_4)
DA:2,4
DA:3,4
DA:4,4
DA:6,4
DA:199,4
DA:203,8
DA:204,8
DA:205,8
DA:206,8
DA:208,0
DA:211,0
DA:216,4
DA:217,4
DA:218,1
DA:222,4
DA:241,4
DA:242,4
DA:245,4
DA:246,1
DA:247,1
DA:250,4
DA:256,0
DA:259,0
DA:264,7
DA:269,4
LF:25
LH:21
BRDA:209,0,0,0
BRDA:209,0,1,0
BRDA:217,1,0,1
BRDA:217,1,1,3
BRDA:257,2,0,0
BRDA:257,2,1,0
BRDA:264,3,0,7
BRDA:264,3,1,4
BRF:8
BRH:4
end_of_record
TN:
SF:src/controllers/WeatherController.ts
FN:59,(anonymous_2)
FN:120,(anonymous_3)
FN:208,(anonymous_4)
FN:283,(anonymous_5)
FN:300,(anonymous_6)
FNF:5
FNH:4
FNDA:2,(anonymous_2)
FNDA:2,(anonymous_3)
FNDA:0,(anonymous_4)
FNDA:3,(anonymous_5)
FNDA:3,(anonymous_6)
DA:2,5
DA:3,5
DA:11,5
DA:12,5
DA:13,5
DA:25,5
DA:59,5
DA:60,2
DA:68,2
DA:69,2
DA:120,5
DA:121,2
DA:123,2
DA:124,2
DA:126,2
DA:127,2
DA:128,1
DA:129,1
DA:135,1
DA:136,1
DA:138,1
DA:139,1
DA:140,1
DA:146,1
DA:147,1
DA:208,5
DA:209,0
DA:211,0
DA:212,0
DA:214,0
DA:215,0
DA:216,0
DA:217,0
DA:223,0
DA:224,0
DA:226,0
DA:227,0
DA:228,0
DA:234,0
DA:235,0
DA:283,5
DA:284,3
DA:285,3
DA:287,3
DA:288,3
DA:290,3
DA:291,3
DA:292,3
DA:293,3
DA:299,3
DA:300,3
DA:303,3
DA:305,0
DA:306,0
DA:307,0
DA:314,0
DA:315,0
LF:57
LH:38
BRDA:65,0,0,2
BRDA:65,0,1,0
BRDA:285,1,0,3
BRDA:285,1,1,2
BRF:4
BRH:3
end_of_record
TN:
SF:src/decorators/routeDecorators.ts
FN:28,Route
FN:29,(anonymous_1)
FN:57,createRouteDecorator
FN:58,(anonymous_3)
FN:75,UseMiddleware
FN:76,(anonymous_5)
FN:86,Controller
FN:87,(anonymous_7)
FN:101,(anonymous_8)
FN:108,(anonymous_9)
FN:165,(anonymous_10)
FN:172,(anonymous_11)
FN:180,ValidateParam
FN:181,(anonymous_13)
FN:184,(anonymous_14)
FN:209,ValidateQuery
FN:210,(anonymous_16)
FN:213,(anonymous_17)
FN:239,(anonymous_18)
FN:240,(anonymous_19)
FN:241,(anonymous_20)
FN:242,(anonymous_21)
FN:243,(anonymous_22)
FN:243,(anonymous_23)
FN:244,(anonymous_24)
FN:244,(anonymous_25)
FNF:26
FNH:18
FNDA:20,Route
FNDA:20,(anonymous_1)
FNDA:30,createRouteDecorator
FNDA:0,(anonymous_3)
FNDA:20,UseMiddleware
FNDA:20,(anonymous_5)
FNDA:5,Controller
FNDA:5,(anonymous_7)
FNDA:13,(anonymous_8)
FNDA:16,(anonymous_9)
FNDA:13,(anonymous_10)
FNDA:13,(anonymous_11)
FNDA:10,ValidateParam
FNDA:10,(anonymous_13)
FNDA:5,(anonymous_14)
FNDA:5,ValidateQuery
FNDA:5,(anonymous_16)
FNDA:1,(anonymous_17)
FNDA:0,(anonymous_18)
FNDA:6,(anonymous_19)
FNDA:0,(anonymous_20)
FNDA:0,(anonymous_21)
FNDA:0,(anonymous_22)
FNDA:0,(anonymous_23)
FNDA:0,(anonymous_24)
FNDA:0,(anonymous_25)
DA:1,6
DA:2,6
DA:5,6
DA:6,6
DA:28,6
DA:29,20
DA:31,20
DA:34,20
DA:35,5
DA:39,20
DA:40,20
DA:48,20
DA:50,20
DA:58,30
DA:59,0
DA:66,6
DA:67,6
DA:68,6
DA:69,6
DA:70,6
DA:75,6
DA:76,20
DA:77,20
DA:79,20
DA:86,6
DA:87,5
DA:88,5
DA:91,5
DA:93,5
DA:100,6
DA:102,13
DA:103,13
DA:104,13
DA:106,13
DA:108,13
DA:113,16
DA:114,16
DA:117,16
DA:118,0
DA:120,16
DA:124,16
DA:125,16
DA:126,0
DA:129,16
DA:131,16
DA:132,0
DA:133,0
DA:137,16
DA:139,16
DA:141,16
DA:143,16
DA:148,0
DA:155,0
DA:159,13
DA:166,13
DA:173,13
DA:180,6
DA:181,10
DA:182,10
DA:184,10
DA:185,5
DA:187,5
DA:188,0
DA:189,0
DA:191,0
DA:199,5
DA:202,10
DA:209,6
DA:210,5
DA:211,5
DA:213,5
DA:214,1
DA:216,1
DA:217,1
DA:218,1
DA:220,1
DA:228,0
DA:231,5
DA:238,6
DA:239,0
DA:240,6
DA:241,0
DA:242,0
DA:243,0
DA:244,0
LF:85
LH:69
BRDA:34,0,0,5
BRDA:34,0,1,15
BRDA:39,1,0,20
BRDA:39,1,1,0
BRDA:44,2,0,20
BRDA:44,2,1,0
BRDA:86,3,0,0
BRDA:103,4,0,13
BRDA:103,4,1,9
BRDA:104,5,0,13
BRDA:104,5,1,9
BRDA:113,6,0,16
BRDA:113,6,1,0
BRDA:114,7,0,0
BRDA:114,7,1,16
BRDA:117,8,0,0
BRDA:117,8,1,16
BRDA:125,9,0,0
BRDA:125,9,1,16
BRDA:125,10,0,16
BRDA:125,10,1,16
BRDA:131,11,0,0
BRDA:131,11,1,16
BRDA:137,12,0,16
BRDA:137,12,1,0
BRDA:149,13,0,0
BRDA:149,13,1,0
BRDA:166,14,0,13
BRDA:166,14,1,9
BRDA:173,15,0,13
BRDA:173,15,1,9
BRDA:187,16,0,0
BRDA:187,16,1,5
BRDA:188,17,0,0
BRDA:188,17,1,0
BRDA:216,18,0,1
BRDA:216,18,1,0
BRDA:217,19,0,1
BRDA:217,19,1,0
BRDA:239,20,0,0
BRDA:239,20,1,0
BRDA:240,21,0,6
BRDA:240,21,1,5
BRDA:243,22,0,0
BRDA:243,22,1,0
BRDA:244,23,0,0
BRDA:244,23,1,0
BRF:47
BRH:25
end_of_record
TN:
SF:src/entities/WeatherLog.ts
FN:34,(anonymous_2)
FN:49,(anonymous_3)
FN:66,(anonymous_4)
FN:83,(anonymous_5)
FNF:4
FNH:4
FNDA:35,(anonymous_2)
FNDA:34,(anonymous_3)
FNDA:1,(anonymous_4)
FNDA:1,(anonymous_5)
DA:1,13
DA:2,13
DA:5,13
DA:7,13
DA:10,13
DA:13,13
DA:16,13
DA:19,13
DA:22,13
DA:25,13
DA:28,13
DA:31,13
DA:34,13
DA:35,35
DA:41,35
DA:49,13
DA:50,34
DA:56,34
DA:67,1
DA:84,1
LF:20
LH:20
BRF:0
BRH:0
end_of_record
TN:
SF:src/middlewares/errorHandler.ts
FN:10,(anonymous_0)
FN:36,(anonymous_1)
FNF:2
FNH:2
FNDA:5,(anonymous_0)
FNDA:4,(anonymous_1)
DA:2,3
DA:3,3
DA:10,3
DA:16,5
DA:17,5
DA:19,5
DA:28,5
DA:33,5
DA:36,3
DA:37,4
DA:42,4
DA:48,4
LF:12
LH:12
BRDA:16,0,0,5
BRDA:16,0,1,3
BRDA:17,1,0,2
BRDA:17,1,1,3
BRDA:30,2,0,1
BRDA:30,2,1,4
BRF:6
BRH:6
end_of_record
TN:
SF:src/middlewares/requestLogger.ts
FN:4,(anonymous_0)
FN:17,(anonymous_1)
FNF:2
FNH:2
FNDA:8,(anonymous_0)
FNDA:8,(anonymous_1)
DA:2,5
DA:4,5
DA:5,8
DA:7,8
DA:8,8
DA:17,8
DA:18,8
DA:19,8
DA:20,8
DA:28,8
LF:10
LH:10
BRF:0
BRH:0
end_of_record
TN:
SF:src/models/WeatherModels.ts
FN:18,(anonymous_0)
FN:50,(anonymous_1)
FN:68,(anonymous_2)
FN:75,(anonymous_3)
FN:85,(anonymous_4)
FN:109,(anonymous_5)
FN:132,(anonymous_6)
FN:140,(anonymous_7)
FNF:8
FNH:8
FNDA:24,(anonymous_0)
FNDA:10,(anonymous_1)
FNDA:1,(anonymous_2)
FNDA:4,(anonymous_3)
FNDA:1,(anonymous_4)
FNDA:29,(anonymous_5)
FNDA:14,(anonymous_6)
FNDA:12,(anonymous_7)
DA:1,13
DA:6,13
DA:29,24
DA:30,24
DA:31,24
DA:32,24
DA:33,24
DA:34,24
DA:35,24
DA:36,24
DA:37,24
DA:38,24
DA:40,24
DA:51,10
DA:69,1
DA:76,4
DA:86,1
DA:102,13
DA:115,29
DA:116,29
DA:117,29
DA:118,29
DA:119,29
DA:121,29
DA:133,14
DA:134,14
DA:141,12
DA:142,12
LF:28
LH:28
BRDA:76,0,0,4
BRDA:76,0,1,3
BRDA:76,0,2,2
BRDA:76,0,3,1
BRDA:132,1,0,0
BRF:5
BRH:4
end_of_record
TN:
SF:src/routes/apiRoutes.ts
FN:17,(anonymous_1)
FN:23,(anonymous_2)
FN:38,(anonymous_3)
FN:70,(anonymous_4)
FN:74,(anonymous_5)
FN:85,(anonymous_6)
FN:100,(anonymous_7)
FN:102,(anonymous_8)
FNF:8
FNH:6
FNDA:12,(anonymous_1)
FNDA:12,(anonymous_2)
FNDA:12,(anonymous_3)
FNDA:12,(anonymous_4)
FNDA:12,(anonymous_5)
FNDA:12,(anonymous_6)
FNDA:0,(anonymous_7)
FNDA:0,(anonymous_8)
DA:1,3
DA:2,3
DA:3,3
DA:5,3
DA:6,3
DA:14,3
DA:15,3
DA:19,12
DA:20,12
DA:24,12
DA:27,12
DA:30,12
DA:32,12
DA:39,12
DA:40,12
DA:43,12
DA:46,12
DA:61,12
DA:63,0
DA:72,12
DA:74,12
DA:75,12
DA:76,12
DA:77,12
DA:79,12
DA:80,12
DA:82,12
DA:85,12
DA:89,0
DA:92,0
DA:101,0
DA:102,0
LF:32
LH:27
BRDA:90,0,0,0
BRDA:90,0,1,0
BRF:2
BRH:0
end_of_record
TN:
SF:src/services/WeatherService.ts
FN:21,(anonymous_1)
FN:28,(anonymous_2)
FN:32,(anonymous_3)
FN:116,(anonymous_4)
FN:134,(anonymous_5)
FN:148,(anonymous_6)
FN:159,(anonymous_7)
FN:13,(anonymous_8)
FNF:8
FNH:7
FNDA:12,(anonymous_1)
FNDA:1,(anonymous_2)
FNDA:14,(anonymous_3)
FNDA:5,(anonymous_4)
FNDA:8,(anonymous_5)
FNDA:11,(anonymous_6)
FNDA:0,(anonymous_7)
FNDA:13,(anonymous_8)
DA:1,13
DA:3,13
DA:4,13
DA:5,13
DA:6,13
DA:8,13
DA:9,13
DA:10,13
DA:11,13
DA:13,13
DA:14,13
DA:15,13
DA:22,12
DA:29,1
DA:33,14
DA:34,2
DA:37,12
DA:38,12
DA:40,12
DA:41,1
DA:42,1
DA:43,1
DA:46,11
DA:47,11
DA:53,11
DA:54,11
DA:56,11
DA:61,6
DA:62,6
DA:63,6
DA:70,6
DA:79,5
DA:80,5
DA:83,5
DA:85,5
DA:88,6
DA:89,6
DA:91,6
DA:94,3
DA:100,3
DA:101,1
DA:102,2
DA:103,1
DA:105,1
DA:106,3
DA:108,0
DA:111,3
DA:117,5
DA:119,5
DA:120,5
DA:129,5
DA:130,5
DA:131,5
DA:135,8
DA:136,8
DA:138,8
DA:139,8
DA:145,7
DA:146,7
DA:148,11
DA:160,0
DA:161,0
DA:163,0
DA:164,0
DA:166,0
DA:167,0
DA:168,0
DA:170,0
LF:68
LH:59
BRDA:33,0,0,2
BRDA:33,0,1,12
BRDA:33,1,0,14
BRDA:33,1,1,13
BRDA:40,2,0,1
BRDA:40,2,1,11
BRDA:91,3,0,3
BRDA:91,3,1,3
BRDA:100,4,0,1
BRDA:100,4,1,2
BRDA:102,5,0,1
BRDA:102,5,1,1
BRDA:105,6,0,1
BRDA:105,6,1,0
BRDA:106,7,0,0
BRDA:106,7,1,3
BRDA:134,8,0,3
BRDA:166,9,0,0
BRDA:166,9,1,0
BRDA:10,10,0,13
BRDA:10,10,1,0
BRF:21
BRH:16
end_of_record
